{"timestamp": "2026-05-07T14:21:12.360694", "level": "INFO", "module": "veille", "message": "DREES: fetch RSS https://drees.solidarites-sante.gouv.fr/rss.xml"}
{"timestamp": "2026-05-07T14:21:13.948258", "level": "INFO", "module": "veille", "message": "DREES: 10 entrées RSS"}
{"timestamp": "2026-05-07T14:21:13.948865", "level": "INFO", "module": "veille", "message": "DREES: 10 articles uniques collectés"}
{"timestamp": "2026-05-07T14:21:22.860627", "level": "INFO", "module": "veille", "message": "DILA: 4 dumps a parser (last 3j)"}
{"timestamp": "2026-05-07T14:21:22.860823", "level": "INFO", "module": "veille", "message": "DILA: dl + parse JORF_20260507-012523.tar.gz"}
{"timestamp": "2026-05-07T14:21:25.892736", "level": "INFO", "module": "veille", "message": "DILA: JORF_20260507-012523.tar.gz -> 12 articles formation matches"}
{"timestamp": "2026-05-07T14:21:25.892996", "level": "INFO", "module": "veille", "message": "DILA: dl + parse JORF_20260506-212453.tar.gz"}
{"timestamp": "2026-05-07T14:21:37.832343", "level": "INFO", "module": "veille", "message": "DILA: JORF_20260506-212453.tar.gz -> 951 articles formation matches"}
{"timestamp": "2026-05-07T14:21:37.832501", "level": "INFO", "module": "veille", "message": "DILA: dl + parse JORF_20260505-215314.tar.gz"}
{"timestamp": "2026-05-07T14:21:44.475798", "level": "INFO", "module": "veille", "message": "DILA: JORF_20260505-215314.tar.gz -> 3168 articles formation matches"}
{"timestamp": "2026-05-07T14:21:44.475949", "level": "INFO", "module": "veille", "message": "DILA: dl + parse JORF_20260504-212959.tar.gz"}
{"timestamp": "2026-05-07T14:21:49.310884", "level": "INFO", "module": "veille", "message": "DILA: JORF_20260504-212959.tar.gz -> 1702 articles formation matches"}
{"timestamp": "2026-05-07T14:21:49.311104", "level": "INFO", "module": "veille", "message": "DILA JORF: 5486 articles uniques collectes"}
{"timestamp": "2026-05-07T14:23:22.972009", "level": "INFO", "module": "veille", "message": "DILA: 4 dumps a parser (last 3j)"}
{"timestamp": "2026-05-07T14:23:22.980685", "level": "INFO", "module": "veille", "message": "DILA: dl + parse JORF_20260507-012523.tar.gz"}
{"timestamp": "2026-05-07T14:23:25.737823", "level": "INFO", "module": "veille", "message": "DILA: JORF_20260507-012523.tar.gz -> 5 articles formation matches"}
{"timestamp": "2026-05-07T14:23:25.738016", "level": "INFO", "module": "veille", "message": "DILA: dl + parse JORF_20260506-212453.tar.gz"}
{"timestamp": "2026-05-07T14:23:30.954504", "level": "INFO", "module": "veille", "message": "DILA: JORF_20260506-212453.tar.gz -> 593 articles formation matches"}
{"timestamp": "2026-05-07T14:23:31.020096", "level": "INFO", "module": "veille", "message": "DILA: dl + parse JORF_20260505-215314.tar.gz"}
{"timestamp": "2026-05-07T14:23:38.683741", "level": "INFO", "module": "veille", "message": "DILA: JORF_20260505-215314.tar.gz -> 1809 articles formation matches"}
{"timestamp": "2026-05-07T14:23:38.720179", "level": "INFO", "module": "veille", "message": "DILA: dl + parse JORF_20260504-212959.tar.gz"}
{"timestamp": "2026-05-07T14:23:43.660720", "level": "INFO", "module": "veille", "message": "DILA: JORF_20260504-212959.tar.gz -> 858 articles formation matches"}
{"timestamp": "2026-05-07T14:23:43.755058", "level": "INFO", "module": "veille", "message": "DILA JORF: 2971 articles uniques collectes"}
{"timestamp": "2026-05-07T14:24:21.366317", "level": "INFO", "module": "veille", "message": "DILA: 4 dumps a parser (last 3j)"}
{"timestamp": "2026-05-07T14:24:21.407237", "level": "INFO", "module": "veille", "message": "DILA: dl + parse JORF_20260507-012523.tar.gz"}
{"timestamp": "2026-05-07T14:24:24.409842", "level": "INFO", "module": "veille", "message": "DILA: JORF_20260507-012523.tar.gz -> 5 articles formation matches"}
{"timestamp": "2026-05-07T14:24:24.410073", "level": "INFO", "module": "veille", "message": "DILA: dl + parse JORF_20260506-212453.tar.gz"}
{"timestamp": "2026-05-07T14:24:29.522389", "level": "INFO", "module": "veille", "message": "DILA: JORF_20260506-212453.tar.gz -> 593 articles formation matches"}
{"timestamp": "2026-05-07T14:24:29.548758", "level": "INFO", "module": "veille", "message": "DILA: dl + parse JORF_20260505-215314.tar.gz"}
{"timestamp": "2026-05-07T14:24:37.998249", "level": "INFO", "module": "veille", "message": "DILA: JORF_20260505-215314.tar.gz -> 1809 articles formation matches"}
{"timestamp": "2026-05-07T14:24:37.998373", "level": "INFO", "module": "veille", "message": "DILA: dl + parse JORF_20260504-212959.tar.gz"}
{"timestamp": "2026-05-07T14:24:42.186783", "level": "INFO", "module": "veille", "message": "DILA: JORF_20260504-212959.tar.gz -> 858 articles formation matches"}
{"timestamp": "2026-05-07T14:24:42.187094", "level": "INFO", "module": "veille", "message": "DILA JORF: 2971 articles uniques collectes"}
{"timestamp": "2026-05-07T14:25:32.075777", "level": "INFO", "module": "veille", "message": "DILA: 4 dumps a parser (last 3j)"}
{"timestamp": "2026-05-07T14:25:32.075946", "level": "INFO", "module": "veille", "message": "DILA: dl + parse JORF_20260507-012523.tar.gz"}
{"timestamp": "2026-05-07T14:25:34.688807", "level": "INFO", "module": "veille", "message": "DILA: JORF_20260507-012523.tar.gz -> 3 articles formation matches"}
{"timestamp": "2026-05-07T14:25:34.688927", "level": "INFO", "module": "veille", "message": "DILA: dl + parse JORF_20260506-212453.tar.gz"}
{"timestamp": "2026-05-07T14:25:38.618121", "level": "INFO", "module": "veille", "message": "DILA: JORF_20260506-212453.tar.gz -> 402 articles formation matches"}
{"timestamp": "2026-05-07T14:25:38.649259", "level": "INFO", "module": "veille", "message": "DILA: dl + parse JORF_20260505-215314.tar.gz"}
{"timestamp": "2026-05-07T14:25:46.235929", "level": "INFO", "module": "veille", "message": "DILA: JORF_20260505-215314.tar.gz -> 1074 articles formation matches"}
{"timestamp": "2026-05-07T14:25:47.779906", "level": "INFO", "module": "veille", "message": "DILA: dl + parse JORF_20260504-212959.tar.gz"}
{"timestamp": "2026-05-07T14:25:52.356324", "level": "INFO", "module": "veille", "message": "DILA: JORF_20260504-212959.tar.gz -> 538 articles formation matches"}
{"timestamp": "2026-05-07T14:25:52.362158", "level": "INFO", "module": "veille", "message": "DILA JORF: 1827 articles uniques collectes"}
